# JRE version: OpenJDK Runtime Environment (11.0.6+8) (build 11.0.6+8-b765.40)
# Java VM: OpenJDK 64-Bit Server VM (11.0.6+8-b765.40, mixed mode, tiered, compressed oops, concurrent mark sweep gc, linux-amd64)
Heap:
 par new generation   total 39296K, used 17545K [0x00000000c2a00000, 0x00000000c54a0000, 0x00000000d7150000)
  eden space 34944K,  37% used [0x00000000c2a00000, 0x00000000c36e2590, 0x00000000c4c20000)
  from space 4352K, 100% used [0x00000000c5060000, 0x00000000c54a0000, 0x00000000c54a0000)
  to   space 4352K,   0% used [0x00000000c4c20000, 0x00000000c4c20000, 0x00000000c5060000)
 concurrent mark-sweep generation total 513308K, used 367748K [0x00000000d7150000, 0x00000000f6697000, 0x0000000100000000)
 Metaspace       used 219932K, capacity 228994K, committed 230020K, reserved 1249280K
  class space    used 26755K, capacity 30116K, committed 30332K, reserved 1048576K
GC Heap History (20 events):
Event: 122,348 GC heap before
{Heap before GC invocations=367 (full 14):
 par new generation   total 39296K, used 39296K [0x00000000c2a00000, 0x00000000c54a0000, 0x00000000d7150000)
  eden space 34944K, 100% used [0x00000000c2a00000, 0x00000000c4c20000, 0x00000000c4c20000)
  from space 4352K, 100% used [0x00000000c5060000, 0x00000000c54a0000, 0x00000000c54a0000)
  to   space 4352K,   0% used [0x00000000c4c20000, 0x00000000c4c20000, 0x00000000c5060000)
 concurrent mark-sweep generation total 513308K, used 344819K [0x00000000d7150000, 0x00000000f6697000, 0x0000000100000000)
 Metaspace       used 217707K, capacity 226634K, committed 227972K, reserved 1247232K
  class space    used 26508K, capacity 29789K, committed 30076K, reserved 1048576K
}
Event: 122,365 GC heap after
{Heap after GC invocations=368 (full 14):
 par new generation   total 39296K, used 4352K [0x00000000c2a00000, 0x00000000c54a0000, 0x00000000d7150000)
  eden space 34944K,   0% used [0x00000000c2a00000, 0x00000000c2a00000, 0x00000000c4c20000)
  from space 4352K, 100% used [0x00000000c4c20000, 0x00000000c5060000, 0x00000000c5060000)
  to   space 4352K,   0% used [0x00000000c5060000, 0x00000000c5060000, 0x00000000c54a0000)
 concurrent mark-sweep generation total 513308K, used 349103K [0x00000000d7150000, 0x00000000f6697000, 0x0000000100000000)
 Metaspace       used 217707K, capacity 226634K, committed 227972K, reserved 1247232K
  class space    used 26508K, capacity 29789K, committed 30076K, reserved 1048576K
}
Event: 122,494 GC heap before
{Heap before GC invocations=368 (full 14):
 par new generation   total 39296K, used 39296K [0x00000000c2a00000, 0x00000000c54a0000, 0x00000000d7150000)
  eden space 34944K, 100% used [0x00000000c2a00000, 0x00000000c4c20000, 0x00000000c4c20000)
  from space 4352K, 100% used [0x00000000c4c20000, 0x00000000c5060000, 0x00000000c5060000)
  to   space 4352K,   0% used [0x00000000c5060000, 0x00000000c5060000, 0x00000000c54a0000)
 concurrent mark-sweep generation total 513308K, used 349103K [0x00000000d7150000, 0x00000000f6697000, 0x0000000100000000)
 Metaspace       used 217709K, capacity 226634K, committed 227972K, reserved 1247232K
  class space    used 26508K, capacity 29789K, committed 30076K, reserved 1048576K
}
Event: 122,506 GC heap after
{Heap after GC invocations=369 (full 14):
 par new generation   total 39296K, used 2984K [0x00000000c2a00000, 0x00000000c54a0000, 0x00000000d7150000)
  eden space 34944K,   0% used [0x00000000c2a00000, 0x00000000c2a00000, 0x00000000c4c20000)
  from space 4352K,  68% used [0x00000000c5060000, 0x00000000c534a2e0, 0x00000000c54a0000)
  to   space 4352K,   0% used [0x00000000c4c20000, 0x00000000c4c20000, 0x00000000c5060000)
 concurrent mark-sweep generation total 513308K, used 351485K [0x00000000d7150000, 0x00000000f6697000, 0x0000000100000000)
 Metaspace       used 217709K, capacity 226634K, committed 227972K, reserved 1247232K
  class space    used 26508K, capacity 29789K, committed 30076K, reserved 1048576K
}
Event: 122,654 GC heap before
{Heap before GC invocations=369 (full 14):
 par new generation   total 39296K, used 37928K [0x00000000c2a00000, 0x00000000c54a0000, 0x00000000d7150000)
  eden space 34944K, 100% used [0x00000000c2a00000, 0x00000000c4c20000, 0x00000000c4c20000)
  from space 4352K,  68% used [0x00000000c5060000, 0x00000000c534a2e0, 0x00000000c54a0000)
  to   space 4352K,   0% used [0x00000000c4c20000, 0x00000000c4c20000, 0x00000000c5060000)
 concurrent mark-sweep generation total 513308K, used 351485K [0x00000000d7150000, 0x00000000f6697000, 0x0000000100000000)
 Metaspace       used 217709K, capacity 226634K, committed 227972K, reserved 1247232K
  class space    used 26508K, capacity 29789K, committed 30076K, reserved 1048576K
}
Event: 122,662 GC heap after
{Heap after GC invocations=370 (full 14):
 par new generation   total 39296K, used 3551K [0x00000000c2a00000, 0x00000000c54a0000, 0x00000000d7150000)
  eden space 34944K,   0% used [0x00000000c2a00000, 0x00000000c2a00000, 0x00000000c4c20000)
  from space 4352K,  81% used [0x00000000c4c20000, 0x00000000c4f97e28, 0x00000000c5060000)
  to   space 4352K,   0% used [0x00000000c5060000, 0x00000000c5060000, 0x00000000c54a0000)
 concurrent mark-sweep generation total 513308K, used 351485K [0x00000000d7150000, 0x00000000f6697000, 0x0000000100000000)
 Metaspace       used 217709K, capacity 226634K, committed 227972K, reserved 1247232K
  class space    used 26508K, capacity 29789K, committed 30076K, reserved 1048576K
}
Event: 122,771 GC heap before
{Heap before GC invocations=370 (full 14):
 par new generation   total 39296K, used 38495K [0x00000000c2a00000, 0x00000000c54a0000, 0x00000000d7150000)
  eden space 34944K, 100% used [0x00000000c2a00000, 0x00000000c4c20000, 0x00000000c4c20000)
  from space 4352K,  81% used [0x00000000c4c20000, 0x00000000c4f97e28, 0x00000000c5060000)
  to   space 4352K,   0% used [0x00000000c5060000, 0x00000000c5060000, 0x00000000c54a0000)
 concurrent mark-sweep generation total 513308K, used 351485K [0x00000000d7150000, 0x00000000f6697000, 0x0000000100000000)
 Metaspace       used 217709K, capacity 226634K, committed 227972K, reserved 1247232K
  class space    used 26508K, capacity 29789K, committed 30076K, reserved 1048576K
}
Event: 122,780 GC heap after
{Heap after GC invocations=371 (full 14):
 par new generation   total 39296K, used 3548K [0x00000000c2a00000, 0x00000000c54a0000, 0x00000000d7150000)
  eden space 34944K,   0% used [0x00000000c2a00000, 0x00000000c2a00000, 0x00000000c4c20000)
  from space 4352K,  81% used [0x00000000c5060000, 0x00000000c53d7190, 0x00000000c54a0000)
  to   space 4352K,   0% used [0x00000000c4c20000, 0x00000000c4c20000, 0x00000000c5060000)
 concurrent mark-sweep generation total 513308K, used 352628K [0x00000000d7150000, 0x00000000f6697000, 0x0000000100000000)
 Metaspace       used 217709K, capacity 226634K, committed 227972K, reserved 1247232K
  class space    used 26508K, capacity 29789K, committed 30076K, reserved 1048576K
}
Event: 122,897 GC heap before
{Heap before GC invocations=371 (full 14):
 par new generation   total 39296K, used 38492K [0x00000000c2a00000, 0x00000000c54a0000, 0x00000000d7150000)
  eden space 34944K, 100% used [0x00000000c2a00000, 0x00000000c4c20000, 0x00000000c4c20000)
  from space 4352K,  81% used [0x00000000c5060000, 0x00000000c53d7190, 0x00000000c54a0000)
  to   space 4352K,   0% used [0x00000000c4c20000, 0x00000000c4c20000, 0x00000000c5060000)
 concurrent mark-sweep generation total 513308K, used 352628K [0x00000000d7150000, 0x00000000f6697000, 0x0000000100000000)
 Metaspace       used 217709K, capacity 226634K, committed 227972K, reserved 1247232K
  class space    used 26508K, capacity 29789K, committed 30076K, reserved 1048576K
}
Event: 122,904 GC heap after
{Heap after GC invocations=372 (full 14):
 par new generation   total 39296K, used 3251K [0x00000000c2a00000, 0x00000000c54a0000, 0x00000000d7150000)
  eden space 34944K,   0% used [0x00000000c2a00000, 0x00000000c2a00000, 0x00000000c4c20000)
  from space 4352K,  74% used [0x00000000c4c20000, 0x00000000c4f4ce20, 0x00000000c5060000)
  to   space 4352K,   0% used [0x00000000c5060000, 0x00000000c5060000, 0x00000000c54a0000)
 concurrent mark-sweep generation total 513308K, used 352628K [0x00000000d7150000, 0x00000000f6697000, 0x0000000100000000)
 Metaspace       used 217709K, capacity 226634K, committed 227972K, reserved 1247232K
  class space    used 26508K, capacity 29789K, committed 30076K, reserved 1048576K
}
Event: 122,996 GC heap before
{Heap before GC invocations=372 (full 14):
 par new generation   total 39296K, used 38195K [0x00000000c2a00000, 0x00000000c54a0000, 0x00000000d7150000)
  eden space 34944K, 100% used [0x00000000c2a00000, 0x00000000c4c20000, 0x00000000c4c20000)
  from space 4352K,  74% used [0x00000000c4c20000, 0x00000000c4f4ce20, 0x00000000c5060000)
  to   space 4352K,   0% used [0x00000000c5060000, 0x00000000c5060000, 0x00000000c54a0000)
 concurrent mark-sweep generation total 513308K, used 352628K [0x00000000d7150000, 0x00000000f6697000, 0x0000000100000000)
 Metaspace       used 217709K, capacity 226634K, committed 227972K, reserved 1247232K
  class space    used 26508K, capacity 29789K, committed 30076K, reserved 1048576K
}
Event: 123,006 GC heap after
{Heap after GC invocations=373 (full 14):
 par new generation   total 39296K, used 4352K [0x00000000c2a00000, 0x00000000c54a0000, 0x00000000d7150000)
  eden space 34944K,   0% used [0x00000000c2a00000, 0x00000000c2a00000, 0x00000000c4c20000)
  from space 4352K, 100% used [0x00000000c5060000, 0x00000000c54a0000, 0x00000000c54a0000)
  to   space 4352K,   0% used [0x00000000c4c20000, 0x00000000c4c20000, 0x00000000c5060000)
 concurrent mark-sweep generation total 513308K, used 355506K [0x00000000d7150000, 0x00000000f6697000, 0x0000000100000000)
 Metaspace       used 217709K, capacity 226634K, committed 227972K, reserved 1247232K
  class space    used 26508K, capacity 29789K, committed 30076K, reserved 1048576K
}
Event: 123,296 GC heap before
{Heap before GC invocations=373 (full 14):
 par new generation   total 39296K, used 39290K [0x00000000c2a00000, 0x00000000c54a0000, 0x00000000d7150000)
  eden space 34944K,  99% used [0x00000000c2a00000, 0x00000000c4c1eb10, 0x00000000c4c20000)
  from space 4352K, 100% used [0x00000000c5060000, 0x00000000c54a0000, 0x00000000c54a0000)
  to   space 4352K,   0% used [0x00000000c4c20000, 0x00000000c4c20000, 0x00000000c5060000)
 concurrent mark-sweep generation total 513308K, used 355506K [0x00000000d7150000, 0x00000000f6697000, 0x0000000100000000)
 Metaspace       used 218057K, capacity 226953K, committed 228228K, reserved 1247232K
  class space    used 26543K, capacity 29807K, committed 30076K, reserved 1048576K
}
Event: 123,306 GC heap after
{Heap after GC invocations=374 (full 14):
 par new generation   total 39296K, used 4352K [0x00000000c2a00000, 0x00000000c54a0000, 0x00000000d7150000)
  eden space 34944K,   0% used [0x00000000c2a00000, 0x00000000c2a00000, 0x00000000c4c20000)
  from space 4352K, 100% used [0x00000000c4c20000, 0x00000000c5060000, 0x00000000c5060000)
  to   space 4352K,   0% used [0x00000000c5060000, 0x00000000c5060000, 0x00000000c54a0000)
 concurrent mark-sweep generation total 513308K, used 359914K [0x00000000d7150000, 0x00000000f6697000, 0x0000000100000000)
 Metaspace       used 218057K, capacity 226953K, committed 228228K, reserved 1247232K
  class space    used 26543K, capacity 29807K, committed 30076K, reserved 1048576K
}
Event: 132,176 GC heap before
{Heap before GC invocations=374 (full 14):
 par new generation   total 39296K, used 39296K [0x00000000c2a00000, 0x00000000c54a0000, 0x00000000d7150000)
  eden space 34944K, 100% used [0x00000000c2a00000, 0x00000000c4c20000, 0x00000000c4c20000)
  from space 4352K, 100% used [0x00000000c4c20000, 0x00000000c5060000, 0x00000000c5060000)
  to   space 4352K,   0% used [0x00000000c5060000, 0x00000000c5060000, 0x00000000c54a0000)
 concurrent mark-sweep generation total 513308K, used 359914K [0x00000000d7150000, 0x00000000f6697000, 0x0000000100000000)
 Metaspace       used 219443K, capacity 228504K, committed 229764K, reserved 1249280K
  class space    used 26715K, capacity 30043K, committed 30332K, reserved 1048576K
}
Event: 132,183 GC heap after
{Heap after GC invocations=375 (full 14):
 par new generation   total 39296K, used 4023K [0x00000000c2a00000, 0x00000000c54a0000, 0x00000000d7150000)
  eden space 34944K,   0% used [0x00000000c2a00000, 0x00000000c2a00000, 0x00000000c4c20000)
  from space 4352K,  92% used [0x00000000c5060000, 0x00000000c544dd98, 0x00000000c54a0000)
  to   space 4352K,   0% used [0x00000000c4c20000, 0x00000000c4c20000, 0x00000000c5060000)
 concurrent mark-sweep generation total 513308K, used 362128K [0x00000000d7150000, 0x00000000f6697000, 0x0000000100000000)
 Metaspace       used 219443K, capacity 228504K, committed 229764K, reserved 1249280K
  class space    used 26715K, capacity 30043K, committed 30332K, reserved 1048576K
}
Event: 132,468 GC heap before
{Heap before GC invocations=375 (full 14):
 par new generation   total 39296K, used 38967K [0x00000000c2a00000, 0x00000000c54a0000, 0x00000000d7150000)
  eden space 34944K, 100% used [0x00000000c2a00000, 0x00000000c4c20000, 0x00000000c4c20000)
  from space 4352K,  92% used [0x00000000c5060000, 0x00000000c544dd98, 0x00000000c54a0000)
  to   space 4352K,   0% used [0x00000000c4c20000, 0x00000000c4c20000, 0x00000000c5060000)
 concurrent mark-sweep generation total 513308K, used 362128K [0x00000000d7150000, 0x00000000f6697000, 0x0000000100000000)
 Metaspace       used 219460K, capacity 228504K, committed 229764K, reserved 1249280K
  class space    used 26715K, capacity 30043K, committed 30332K, reserved 1048576K
}
Event: 132,478 GC heap after
{Heap after GC invocations=376 (full 14):
 par new generation   total 39296K, used 4352K [0x00000000c2a00000, 0x00000000c54a0000, 0x00000000d7150000)
  eden space 34944K,   0% used [0x00000000c2a00000, 0x00000000c2a00000, 0x00000000c4c20000)
  from space 4352K, 100% used [0x00000000c4c20000, 0x00000000c5060000, 0x00000000c5060000)
  to   space 4352K,   0% used [0x00000000c5060000, 0x00000000c5060000, 0x00000000c54a0000)
 concurrent mark-sweep generation total 513308K, used 365032K [0x00000000d7150000, 0x00000000f6697000, 0x0000000100000000)
 Metaspace       used 219460K, capacity 228504K, committed 229764K, reserved 1249280K
  class space    used 26715K, capacity 30043K, committed 30332K, reserved 1048576K
}
Event: 493,180 GC heap before
{Heap before GC invocations=376 (full 14):
 par new generation   total 39296K, used 39296K [0x00000000c2a00000, 0x00000000c54a0000, 0x00000000d7150000)
  eden space 34944K, 100% used [0x00000000c2a00000, 0x00000000c4c20000, 0x00000000c4c20000)
  from space 4352K, 100% used [0x00000000c4c20000, 0x00000000c5060000, 0x00000000c5060000)
  to   space 4352K,   0% used [0x00000000c5060000, 0x00000000c5060000, 0x00000000c54a0000)
 concurrent mark-sweep generation total 513308K, used 365032K [0x00000000d7150000, 0x00000000f6697000, 0x0000000100000000)
 Metaspace       used 219879K, capacity 228989K, committed 230020K, reserved 1249280K
  class space    used 26753K, capacity 30115K, committed 30332K, reserved 1048576K
}
Event: 493,206 GC heap after
{Heap after GC invocations=377 (full 14):
 par new generation   total 39296K, used 4352K [0x00000000c2a00000, 0x00000000c54a0000, 0x00000000d7150000)
  eden space 34944K,   0% used [0x00000000c2a00000, 0x00000000c2a00000, 0x00000000c4c20000)
  from space 4352K, 100% used [0x00000000c5060000, 0x00000000c54a0000, 0x00000000c54a0000)
  to   space 4352K,   0% used [0x00000000c4c20000, 0x00000000c4c20000, 0x00000000c5060000)
 concurrent mark-sweep generation total 513308K, used 367748K [0x00000000d7150000, 0x00000000f6697000, 0x0000000100000000)
 Metaspace       used 219879K, capacity 228989K, committed 230020K, reserved 1249280K
  class space    used 26753K, capacity 30115K, committed 30332K, reserved 1048576K
}

